<?xml version="1.0" encoding="UTF-8"?>
<testng-results skipped="0" failed="0" ignored="0" total="2" passed="2">
  <reporter-output>
  </reporter-output>
  <suite name="Default suite" duration-ms="64" started-at="2022-02-06T04:55:52 PST" finished-at="2022-02-06T04:55:52 PST">
    <groups>
    </groups>
    <test name="Default test" duration-ms="64" started-at="2022-02-06T04:55:52 PST" finished-at="2022-02-06T04:55:52 PST">
      <class name="com.testng_features.Parallel_Concept">
        <test-method status="PASS" signature="facebook()[pri:0, instance:com.testng_features.Parallel_Concept@704a52ec]" name="facebook" duration-ms="15" started-at="2022-02-06T04:55:52 PST" finished-at="2022-02-06T04:55:52 PST">
          <reporter-output>
          </reporter-output>
        </test-method> <!-- facebook -->
        <test-method status="PASS" signature="whtspp()[pri:0, instance:com.testng_features.Parallel_Concept@704a52ec]" name="whtspp" duration-ms="0" started-at="2022-02-06T04:55:52 PST" finished-at="2022-02-06T04:55:52 PST">
          <reporter-output>
          </reporter-output>
        </test-method> <!-- whtspp -->
      </class> <!-- com.testng_features.Parallel_Concept -->
    </test> <!-- Default test -->
  </suite> <!-- Default suite -->
</testng-results>
